Online courses by Raghav - https://automationstepbystep.com/

How to handle extensions

Please make a series on robot framework with pycharm. Your this series is quite old and in this 5 years many new changes are available in robotframwork.

Thank you~!

@Raghav Awesome Step by Step guide to Automation testing. Now we have latest Roboframework which is slightly different from the tool you used during this presentation.

Hi Raghav, may i know, Ride Robot does able to install on mac os catalina?

Can I practice in vs studio code

My ride is opening in VS studio cod what should I do

Hi, i have installed selenium library via cmd prompt but getting red color  after I import in new project .could you please suggest me

Hi. Thank you very much for this step by step tutorial. Can you suggest me as to why I cannot see or access OpenBrowser command in Robot (9.39). Thank you.

really useful to learn, thank you

How to fix this ? Could you please help? @Automation Step by Step SessionNotCreatedException: Message: session not created: This version of ChromeDriver only supports Chrome version 96 Current browser version is 98.0.4758.82 with binary path C:\Program Files (x86)\Google\Chrome\Application\chrome.exe

tried using the text format for the testsuite encountered error change format to robot works fine with me

Thanks a lot from France, we have just started automatisation, and this helps me a lot.

Simple and very neatly explained ðŸ‘Œ

my ride did not have an open browser.My I know on how to solve this issue ?

can you make a video on how to handle cookies using a robot framework? ex: on a login page, a pop-up is opened asking to accept cookies, just one button accept cookies and should close the pop-up.If I accept the cookie manually the tests work otherwise it fails even after using different cookie keywords of selenium library.

ctrl+tab do not give me suggestions

Thanks. You teach people in the simplest but a solid way!

Hi, Thanks for this series. Could you Please make a series like this with pycharm also?

Thank you so much for this great video! But I have an issue, I cannot find the OpenBrowser or SeleniumLibrary.Open Browser keyword in the selenium library. When i press CTRL+ Space many keywords appear but not that one. Can you please help me on this.

Sankar will need more details, what extension in specific and what exactly you need it for

I will plan Priya

@RaghavPalÂ  Thank you for replying almost every individual message. Thank you on behalf of all of us. Love your videos.

Most welcome

I will check and plan to add new videos Samuel

Hi Fawzi, there were some issues when I tried it at the time of creating these tutorials, https://youtu.be/Z8PxYNCBmIQ there may have been some changes, you will need to check

Yes you can, The UI will be different, you can follow the scripts and execution

Hi Akshay, have you installed and opened RIDE as shown in the video. Pls check and try again

Hi Nandu,  try to clean and check the path of the files inside the Python_Version folder There are some troubleshoots, you should try. 1. There is a "Import Failed Help" button on the right, below the "Variables" button. 2. As instructed in the help, you should see Tools>View RIDE Log. 3. You may right click over the failed to import library and "Import Library Spec XML"  https://stackoverflow.com/questions/40212315/robotframework-ride-sikulilibrary-import-error

will need to check your setup and logs

@RaghavPalÂ  Thank you for the quick reply. Actually I figured the issue. SeleniumLibrary does not have "Open Browser" keyword but Selenium2Library has it.

Thanks

I have fixed it. :)

Great to know Tanusri

ok

Great to know, can find more of my work here - https://automationstepbystep.com/

Thanks for watching Manvvi

May be some library issue, try to get install library again, can try a diff ver

Hi, I will check on this

Try restarting Robot framework IDE

Most welcome Cagri

Hi Induja, can check here - https://automationstepbystep.com/

very good job, continue ;)

After clicking ctrl+space open browser not appearing , selenium library version and robot or python version conflict occurring

If you find issue with "Open Browser" keyword is not seen on ride then - use "pip uninstall" to uninstall all the selenium library - install "pip install robotframework-selenium2library==1.8.0" then import library "selenium2library"

Are Robot framework and RPA same? I'm new to these kind of stuff..

Hi raghav i need to automate API using robot framework have you created any such video

Tks one more time, for another amazing tutorial Raghav. I have a question. I have installed: Python 2.7, RF 3.2.2. I don't see the OpenBrowser keyword, but I see GO TO. So I tried   SeleniumLibrary.Go To    www.google.com, but I got: No browser is open. If I use  SeleniumLibrary.Go To    www.google.com    chrome I got Keyword 'SeleniumLibrary.Go To' expected 1 argument, got 2.

what if i get error like "robot installation" not found? is the error because i installed in c:user :appdata?

Hi Raghav this was very helpful I have installed EyesLibrary and the same is present in site packages folder. But when I try to import them in RIDE I am unable to do them as it is displayed in Red color. How can we fix this issue?

Thank you so much for this great video! It's been really helpful! But I have an issue, I cannot find the OpenBrowser or SeleniumLibrary.Open Browser keyword in the selenium library. When i press CTRL+ Space many keywords appear but not that one.

What if we don't have "OpenBrowser"? I Only have CloseBroswer.

i am getting error bro when i am installing of ride.py

Ctrl + Space does not work anymore, for the latest verstion is ctrl-alt-space. That works.

Very nice!   But I guess Ctrl + Space does not work anymore....

Good stuff, thanks for these series..

I cannot add Test suite, cause it is not available in my RIDE, anyone can help? Thanks

For me Ctrl+space is not working, instead ctrl+Alt+space is working

I followed the same steps in creating the project and testsuite and test case, while executing it asked if its a robot file or text file it was by mistake clicked as robot. But I could not change it to say text as that option is not shown again even after unintall and install. Due to this unable to execute the test case as convertion of robot file to text is not possible and stuck. Can you suggest please

WONDERFUL

Hi Raghav, good tutorial, can you explain why i can not see in settings table with grid, just see a little button settings in test case, but nothing load below with rows 1,2,3... Use Python 3.8, and robotframework 3.1.2,RIDE version 1.7.3.1

Very nicely explained

Thanks a lot Youssef

Try to reopen ride

Thanks for the help Malay

No Vanathi, these are different

Hi Nitin, not specific for API, I will do in future, You will find all tutorials here - https://automationstepbystep.com/

Hi, I will need to check on SeleniumLibrary.Go, meanwhile pls take some online help and check some examples

Hi Amiya, this may be due to the env variables (path) not set. Pls check this - https://github.com/robotframework/robotframework/blob/master/INSTALL.rst Here goto the section What directories to add to PATH Let me know if this works

@RaghavPalÂ  it was defined in the env variable....probably the issue was with a pybot file...it is resolved...Thankyou very much for reverting back...by any chance can we automate for mainframe? any specific library that will help for mainframe design?

Not done any automation on mainframe yet

how can we use keyword that we have created in one project to another project? e.g keyword is "login details" , we have used this keywors in 20 test cases under project1....so how to use for rest 20 test cases which are in project2?...it seems like we have to create keyword again for project2

Hi Nayeem, how have you installed it.

@RaghavPalÂ  Hi Ragav, I had installed it by using pip command pip install robotframework-eyeslibrary

Just check if you have 2 versions of python installed on your system

@RaghavPalÂ  Hi Raghav, there is only one python version installed in my system and now the issue got resolved don't know the exact solution how it got resolved..

GReat, keep learning

Hi Sam, Can try a diff ver of the lib

Hi Lana, why is that Open Browser should be in the library. Can try to reinstall the selenium library

@RaghavPalÂ  I don't know, i restarted all of the programs, and reinstalled seleniumlibrary, and it was still missing a lot of the keywords. Then i deleted mine, and a colleague sent me his (just copy paste haha), and now it works ðŸ¤·â€â™€ï¸ thank you for the sessions, they are really helpful.

Pls inform error details /logs

thanks for adding Jean

Thank you! Very good class!

Hi Jean, Ctrl+Alt+Space will work

Thank you! Very good class!

You're welcome Julius

Hi Tieu, on cmd run command pip check robotframework and see if you get any warnings. If yes you may check to fix or reinstall a newer ver.

Okay. should be fine. Hope others will be helped by this

Hi, I may not remember exactly. Can you point to the time in the video so I can refer and check

Thanks for watching

Hi Nenad, I hope you have used the right ver of wxPython. Try restarting as well

Thanks for watching Prachi

@RaghavPalÂ can u advise if a commence  Background person can learn automation and please advise a good website from where to start

Hi Prachi, definitely you can learn test automation. Start with some basics. First decide on a topic like Selenium with Java and then follow the tutorials, You will find a lot of options and resources online. Can refer my website here -  https://automationstepbystep.com/online-courses/

when i say ride.py from command prompt it is opening pycharm and ride.py as a project

Excellent tutorial. Thank you!

If ride open pycharm instead of RobotFramework, it's because pycharm "open by default" leads. Right click on ride.py > Open with > Select other applications > C:\your_path_to\python.exe

Hi Raghav,   This is regarding Robot Framework. I am went through your tutorial using Robot framework and Selenium Library. and it is really wonderful.  My concern is I am working with Robot Framework with White Library for Windows applications, WPF mainly and not getting any help in internet.  I am able to automate tests using RIDE as it is supporting Python 3 as well but I want to integrate it to any other IDE like Visual Studio.  If you can make some tutorials regarding the same, then it would be really helpful as no one has made any project on this yet.  Thanks in advance, Sahasransu  Sahu

Hi Sir, Can you make a tutorial for Robot framework with white library for WPF or desktop applications. This would be really helpful.

i m using python 3.6.5 version. Is ride available for python 3.6.5 version?

This was really very very helpful. I was struggling to understand RobotFramework for quite sometime and this helped to understand step by step.

Great. Thanks for sharing.  In step6 if anyone facing problem to all keywords of selenium library, hit ctrl+Alt+space. (I am using RIDE 1.7.3.1 running on Python 2.7.13.)

Hi Raghav, Thanks a lot for this video. It has been very helpful. Can you please suggest why we need to add SeleniumLibrary at suite level when we have already added at project level. In my current project there is a huge hierarchy, do we need to add selenium library at each and every level.

I want to use robot framework for desktop applications and not web applications. How do I begin?  Nicely explained, by the way!

Hi, I am not able to see autosuggestion keywords in RIDE. Do have any idea why  I am not able to see that ?

when i try to open ride it not opened.give like this:  Traceback (most recent call last):    File "C:\Python27\lib\site-packages\robotide\__init__.py", line 83, in main      _run(inpath, not noupdatecheck, debug_console)    File "C:\Python27\lib\site-packages\robotide\__init__.py", line 102, in _run      from robotide.application import RIDE    File "C:\Python27\lib\site-packages\robotide\application\__init__.py", line 16, in <module>      from .application import RIDE, Project    File "C:\Python27\lib\site-packages\robotide\application\@t", line 22, in <module>      from robotide.namespace import Namespace    File "C:\Python27\lib\site-packages\robotide\namespace\__init__.py", line 16, in <module>      from .namespace import Namespace    File "C:\Python27\lib\site-packages\robotide\namespace\@t", line 31, in <module>      from robotide.publish import PUBLISHER, RideSettingsChanged, RideLogMessage    File "C:\Python27\lib\site-packages\robotide\publish\__init__.py", line 123, in <module>      from .messages import *    File "C:\Python27\lib\site-packages\robotide\publish\@t", line 21, in <module>      from .messages2 import *    File "C:\Python27\lib\site-packages\robotide\publish\@t", line 24, in <module>      from robotide.publish import publisher    File "C:\Python27\lib\site-packages\robotide\publish\@t", line 24, in <module>      from pubsub import pub    File "C:\Python27\lib\site-packages\pubsub\@t", line 146      def getDefaultPublisher() -> Publisher:                                ^  SyntaxError: invalid syntax    plzzzz solve

Ctr + Space can't see the available function ,why? How can I fix the issue?

hi do you have example of robot framework usage on desktop applications?

Hi Raghav, Thanks for your detailed videos. Have a question, can we run robot framework selenium tests using Selenium GRID? instead of local web driver like chrome for parallel execution?

Anyone interested in automation tester position in Virginia? I am looking to hire someone experienced in using Selenium with Python and Robot Framework. Send your profile to resumes@patsonusa.com

how to resolve the  issue when selenium library appear in red color instead black after import?

I'm facing this issue with ride. when ever i click on run a window appears and say robotframework is not found. i checked the robot framework installation and environment variables but the problem is persistent

Thank you Raghav Pal for this Tutorial, i have this problem when i run the test case: please can you help me ? command: pybot.bat --argumentfile c:\users\rsassi\appdata\local\temp\RIDEbw_rqs.d\argfile.txt --listener C:\Python27\lib\site-packages\robotide\contrib\testrunner\TestRunnerAgent.py:51764:False D:\projets\Ride

YOU MUST have pybot even though it is "deprecated". If not, tests will fail. If you don't have pybot, go to the Scripts directory, create a new file named pybot.bat. Inside that file enter this:  @echoÂ off python -m robot.run %*  Save the file and try running the tests.

I figured out how to open using python, thanks..

glad to know Raju

You're welcome Brian

Nice to share this information. I hope there is no issues you are facing.

Thanks Raghav. I'm learning, so, I will face other problems but your courses are great and should be enough. Thanks for sharing your knowledge ;-)

You're welcome Yannick

Hi Sahasransu,  I can try on that, but will take some time.

@RaghavPalÂ  thank you sir

I will try but after some time Sahasransu

Hi Akshata, 1.7.3 ver should work https://github.com/robotframework/RIDE/releases/tag/v1.7.3

Glad to know this Atul

thanks for helping with this information Umesh

Thanku umesh

Thanks! This was confusing me!

Thank you

wow! Thanks for this

hi Neha, you can just add to project or suite level once. It should be fine.

@RaghavPalÂ  Thanks a lot for your response.

Hi Deepti, you will have to find robot framework library that supports desktop.  https://medium.com/@joonasvenlinen/desktop-application-automation-with-robot-framework-6dc39193a0c7

Hi Mansi, hope you have followed all steps. Pls check this - https://github.com/robotframework/RIDE/wiki/Keyword-Completion

Replied to your other comment Ajith. Please check your python ver https://github.com/robotframework/RIDE/issues/1642

Hi Angela, is the Library imported/added successfully, you can also try restarting RIDE

Use CTRL + ALT + SPACE !

Not yet Brian

Hi Elima, you can check some information on this here: https://yuanjiang.space/setup-selenium-grid-to-use-in-robotframework https://www.gridlastic.com/robot-framework-selenium-grid-example.html https://stackoverflow.com/questions/37035047/selenium-grid-implementation-with-robot-framework

That means the library did not get imported properly. Pls check if the library is added in python pip freeze pip list Use this command to check pip show libraryName pip check libraryName   Also check if there are any spelling errors

Hi Usman, what exactly is the error message. May be if you google it you can get some suggestions. Also check this command pip check robotframework pip check robotframework-ride

This is because the robotframework version. Uninstall robotframework 3.1.1 then install robotframework 3.0: pip install robotframework ==3.0

Hi Rami, not sure on this.  Can you check the following. Run these commands to check if there is any missing requirements pip check robotframework pip check robotframework-ride Also I found the same issue here but there are no answers yet. You may want to follow up this  https://github.com/robotframework/RIDE/issues/1705 https://quickdoed11.blogspot.com/2015/01/python-ride-getting-error-2-system.html

@RaghavPalÂ  i fixed it, thank you, the problem is that i istalled python3.7 and this version does not contain python.bat file

Thanks for the information. I am sure it will help many

Hey Raghav,  When I try to run the test, I get an error saying  "Robot Framework installation not found. To run tets, you need to install Robot Framework separately. See http://robotframework.org for installation instructions. "  Do you know how I can fix that? Thanks

Online courses by Raghav - https://automationstepbystep.com/

Hi, i would like to buy a robot framework with python and selenium can u please tel  me how i can get this course

Hi Raghav, thanks much for your effort !! Everything is mentioned in much details here.  Well, I'm facing an issue while clicking on start button in run section. A window pops up and says - [Robot Framework installation not found. To run tets, you need to install Robot Framework separately. See http://robotframework.org for installation instructions.] I installed everything and getting all the info from cmd prompt by using "pip freeze". Can you pls help on this?

Hi Raghav, I am trying to install the Selenium Library but i am getting the exception in the cmd prompt   An HTTPS request has been made, but the SNI (Server Name Indication) extension to TLS is not available on this platform. This may cause the server to present an incorrect TLS certificate, which can cause validation failures. You can upgrade to a newer version of Python to solve this. For more information, see https://urllib3.readthedocs.io/en/latest/advanced-usage.html#ssl-warnings  Could you please advice?

Excellent and thorough. Thanks!

Hi Raghav, this is really very nice video, helped me alot.. just want to know is there any specific version of chrome you have used in the test case or we can use any version of chrome to open browser through Robot Framework

It was amazing. Many thanks to you Raghav. I am having an issue with getting the screenshots for every step. I tried the help but according to it should be default. I am not getting the screenshot. Please help!!

i'm getting the an error "DevToolsActivePort file doesn't exist".  Any ideas?

l

Hi i have the report and log options desactivated how can i activate them?

RobotFramework doesn't tell you what line failed. Useless piece of shit

Thanks, again Brother.  Completed one more lesson.

Even after installing selenium libraries, it shows the following error "FAIL : No keyword with name 'Open Browser' found". I have added selenium into libraries of test suite. how to solve this error. please help

Such a nice and detailed explanation, very helpful for beginners. I have started learning robot framework by referring your videos. Thank you

hi raghav, i am using 3.7 version of python . i have a error in installing ride. is there any ohther GUI is available for 3.x series of python

Hi what to do in case you have this error "WebDriverException: Message: Service chromedriver unexpectedly exited. Status code was: -1073741819"

Hi Raghav i am not getting the auto suggestion even i have pressed ctrl+space, what should i do?

Very useful video Raghav. I started learning automation with Robot Framework and this is helping me a lot. Now i have started using it in my company. But, now i am in a situation to create custom test libraries for some operations. i referred http://robotframework.org but its difficult to understand. Can you please post a video on how to create that with an example? Thanks in advance!

I have used katalon in my project I am not able to understand that which framework is better as katalon gives all capabilities

Hi Pls check this - https://github.com/robotframework/RIDE/issues/1468

Thank you so much for this great video! But I have an issue, I cannot find the OpenBrowser or SeleniumLibrary.Open Browser keyword in the selenium library. When i press CTRL+ Space many keywords appear but not that one. Can you please help me on this.

Hi Rajini, You can check all courses here - https://automationstepbystep.com/909-2/online-courses/

Hi Appan, try running this command pip check robotframework This will show you if there are any missing dependecies

I tried sir but that doesn't help. There's no such missing dependencies.

Did you check with the video. Just in case you missed any step

I checked again sir. I uninstalled everything and again tried from the scratch but I'm unable to execute the test due to the following error - [command: pybot.bat --argumentfile c:\users\appan\appdata\local\temp\RIDE3vx03t.d\argfile.txt --listener C:\Python27\lib\site-packages\robotide\contrib\testrunner\TestRunnerAgent.py:49613:False "E:\Softwares\My PC Apps\Robot Framework\RIDE\Projects\Project1\Project1" [Error 2] The system cannot find the file specified]  One thing I should say, [pybot --version] is not recognized in cmd prompt. May be that could be the issue. Please help me with some suggestion. Thanks much in advance !!

Hi Harikaran, did you try to follow the link given in the message? Here is some more info - https://serverfault.com/questions/866062/easy-install-and-pip-fail-with-ssl-warnings https://serverfault.com/questions/866062/easy-install-and-pip-fail-with-ssl-warnings  https://github.com/python-telegram-bot/python-telegram-bot/issues/346

You're welcome Colin

Hi Annu, Ideally you should be able to use any version. It depends on the compatibility of chrome with selenium ver - for any version you can check with this link - https://chromedriver.storage.googleapis.com/2.36/notes.txt In the above link in place of 2.36 you can put your chrome driver ver and check

Hi Asher, pls let me know what you have already tried.

Hi Bahjat, try changing the version of browser driver

Thanks Raghav, i ended up using Firefox instead

Try restarting RIDE

Great to know this Ashok

Have you updated Path env variable. Also look here https://groups.google.com/forum/#!topic/robotframework-users/cyJXm1MeUYY https://sqa.stackexchange.com/questions/33565/no-keyword-with-name-found-error-when-running-a-script-where-resources-are-separ https://stackoverflow.com/questions/33478193/how-to-resolve-this-error-no-keyword-with-name-and-found

You're welcome Nivedita

Hi Katheravan, You can use PyCharm community edition

how to use that raghav . I dont know how to use

In this video I have used PyCharm, You can also search for other PyCharm videos. https://www.youtube.com/watch?v=FFDDN1C1MEQ

Hi Narek, will need more logs and stack trace to troubleshoot. Looks like version issue.

Hi Shikhar, what OS are you using

Windows 10

Just check this - https://github.com/robotframework/RIDE/wiki/Keyword-Completion

Use CTRL + ALT + SPACE !

Hi Arun, glad to know this. I will check and try to do it soon

Hi Monika, so if you have used Katalon, how did you find it, Were you able to accomplish all planned tasks.

Automation Step by Step - Raghav Pal yes katalon is more powerful than Robot framework. Installation is quite easy and we create a batch file which can be executed on anyone's m/c by just keeping katalon extraxt. So I consider it amazing framework and development and execution time is less than other frameworks

Great, then go with it, Just for knowledge pls share some info about your project that you automated with Katalon Studio. What all features did you add. I want to look at successful stories of the use of Katalon Studio in enterprise projects

Thanks, very detailed and educational!

Hi Raghav, i am facing 'Keyword not found!!' issue. please help me. below is the issue summary,  Keyword not found!!For possible corrections press <ctrl> ---------------------------------------------- On pressing <ctrl>, got the below output  Keyword was not detected by RIDE  Possible corrections:  Import library or resource file containing the keyword.   For library import errors: Consider importing library spec XML (Tools / Import Library Spec XML or by adding the XML file with the correct name to PYTHONPATH) to enable keyword completion for example for Java libraries. Library spec XML can be created using libdoc tool from Robot Framework.

While installing robotframework-ride iam getting errors like... Command "python setup.py egg_info" failed with error code 1 in C:\Users\RAJANE~1\AppData\Local\Temp\pip-install-fdf43fn2\robotframework-ride\

Hi Raghav , thanks for the Video, I am not able to see logs and reports and getting one error i.e Python error: Failed to Open URL" file:C:\Users\........report.html: in default browser.(error 1155: no application is associated with the specified file for this operation.). Please help me in resolving this issue

I cant see the report and log.

Hi Raghav, I did following you but I can not open browser with some errors log as: 20180616 01:23:16.888 :  INFO : Opening browser 'chorme' to base url 'https://www.facebook.com/'. 20180616 01:23:16.890 :  INFO : Cannot capture screenshot because no browser is open. 20180616 01:23:16.893 :  FAIL : ValueError: chorme is not a supported browser.  I've tried my best to fix but I can not find resson. Could you  help me fix these errors, please?Thanks very much.

Raghav, Do you have videos to set up in the MAC as well

Thanks Raghavu for sharing knowledge... I have tried with the "open browser" test case, but it opened and got stuck. What could be the reason. Could you please let me know

It is giving me error ( robotframework is not installed )when I click on run but I have installed it

Hi Raghav, I am not able to find options "New Suite/New Directory / New Resource" as I right click on Project created. The only options I see are "New Test Case/User keyword/scalar/list variable/dictionary variable"

Hi Raghav, I'm working in ubuntu, I installed as per documentation. The moment i run ride.py file. RIDE is openeing but not able to see the options like File,edit, tools etc. With the error 'RIDE 1.5.2 does not work with wxPython 2.8.12.1 #1577'  Please help.'  Thanks Shravan

Hi I have set the chromedriver.exe in the C:\Python27\Scripts, which is also set in Path  environment variable but my test is not executing showing the below error: WebDriverException: Message: 'chromedriver' executable needs to be in PATH. Please see https://sites.google.com/a/chromium.org/chromedriver/home Please suggest...

Awesome Raghav.... Thank you Very much... Every single detail is added...

Thank you for sharing your knowledge.Your tutorials are very helpful to work on Robot Framework for beginner level.I have few questions where I can put?

Report button in my UI is disabled. What do I need to do to enable it?

RIDE TOOL CREATING and execution test cases.but why u r using pycharm tool in testing

i was installed in my pc python 2.7 and pycharm.when i type ride.py in command promt it will open pycharm then ofter writing script excution then opened ride tool.but u r vedios it will open directly.

Hi Raghav , I have installed everything correctly they way shown in video but for some reason when i run the test i get below error in ride . Is there anything I am no doing right ?Please help ! I am stuck :)  "Robot Framework installation not found. To run tets, you need to install Robot Framework separately. See http://robotframework.org for installation instructions. "  . my pip freeze output :C:\WINDOWS\system32>pip freeze robotframework==3.0.2 robotframework-ride==1.5.2.1 robotframework-seleniumlibrary==3.1.0 selenium==3.9.0 six==1.11.0

report and log buttons are not highlighted

Thank you so much Raghav, I have one question for the the Â 'Report' and 'Log' session is disabled in Ride. How can I enable them

you're welcome Akshendra

Hi Karthik, have you imported req python libraries

My bad..I missed adding Selenium libraries to TestSuite.

Any more logs you have for this, also try searching online

Download the older version of Python (2.7.14) and make sure it is installed to C:\Python27. That fixed it for me.

Hi Rubby, try restarting RIDE

Thankyou Raghav its working now by setting the default browser in settings

Try to restart RIDE

Ho do I do that? :/

Just close RIDE and open from command line

Hi, pls check information here - https://stackoverflow.com/questions/26585215/how-to-use-chromium-in-selenium2library-with-open-browser

Thank you very much

Hi Venkata, not yet created on mac

Hi Narendra, do you have any logs for this.

At what action do you get this error. Try to install again.

Hi Kavana, when you create project, you have option for type as file or directory, You selected file. Select Dir and you should get the options.

Hi Raghav, I changed the type to Dir and I can find the options now. Thanks for your help and quick response

Replied to your other comment. Pls check.

Hi Shravan, @ Raghav, i am facing issue while opening ride.py, all the previous step i had done it but not opening ride.py

Might be diff ver of wxPython is required. Can do some search over that

Hi Puja, although I cannot tell exactly unless I see some logs, this link might help you to resolve - https://stackoverflow.com/questions/47240047/chromedriver-executable-needs-to-be-in-path-robot-framework-pycharm?utm_medium=organic&utm_source=google_rich_qa&utm_campaign=google_rich_qa

Ya it is working fine with Firefox. I think some issue with my chrome driver version, need to download it again. Thank you for your reply..

Try with chromedriver 3.6

Kasun, I am glad to know this helped.

Hi Sujit , you can put your queries in the comment section of the relevant video.

Try restarting RIDE

Hi Mahesh, as far as i remember in this tutorial i have used RIDE only. send me the time where you found pycharm, in case i missed it.

yes ideally if you goto cmd and write ride.py and enter, it should open ride ui, Not sure if you have some default setup

Hi, have you set the path in environment variables. Can watch the first session for that.

Try to restart RIDE

Hi Shilpa, try restarting RIDE

I cannot able to create test suite, under the project

Raghav , Can we handle extjs  using Robort  Framwork?

my Suggestions  part is not working , how to maximize suggestion window ?    please let me know the shortcut you used for time 9.49 to 9.52 to maximize Window

Thanks for this. can you Please do robot framework with Pycharm.

Thanks raghav. thanks a lot. but I just wanna ask u that why you used python 2 not 3.

Hi Raghav, Thanks for the session. Its really helpful. But I have observed 1 thing that after clicking on Reports button, it is opened in Chrome browser but for you it was IE. Could you please tell me how to change that settings to open Results in IE or some other browser? Thanks again!

Great work Sir, Can we use Ride IDE and wxPython for Jython? Or would you please suggest IDE for Jython

Hi Raghav... reports and log links are disabled for me. I observed the same too in ur video. How to enable these?

Robot Framework is pretty cool. :-)

Thanks Raghav for the awesome video, keep posting more videos.

Thanks Raghav for such a nice video, I have a problem with RIDE, Report and Log are not enabled on my screen, could you help me to solve this issue.

Thanks for the tutorial Raghav. We have just started working with this new Robot framework in our project and your video is very useful to get started with it. Waiting for next video on Robot framework with more features. Thank you

Thanks Raghav Pal for this tutorial. It was so easy to understand robotFrameWork  from your videos...please upload more videos on Robot framework.

Thanks Raghav Pal for uploading this robotFrameWork videos series.. Please continue

May I know the suitable firefox version? I have tried with ff 47.0.1. The error was "InvalidArgumentException: Message: Missing 'type' parameter ".

Thanks for uploading this video, Please keep updating us with how to use new keywords or make testing more effective

what error are you getting.

yes Maneka, https://github.com/Selenium2Library/robotframework-extjs

you can do CTRL + SPACE , once the suggestion window comes up, click on it.

after CTRL + SPACE suggestion is displaying, but i am not able to read FULL suggestion  , Left side and Down side bar is not moving , i tried to maximize but it is also not working

Strange. Can you run the command pip check robotframework-ride  And see if you get any broken files. The last resort will be to re-install ride

Will do in some time

Thank you

Hi Saurav, I had earlier faced few compatibility issues, however now it should be okay, you can see this - https://pypi.python.org/pypi/robotframework-python3

Hi, that is your system's setting. You can set the default browser for your system

as per RIDE page: RIDE runs only on the regularÂ Python, not on Jython nor IronPython.Â Python 2.6Â is the minimum version. Notice that similarly as Robot Framework, RIDE does not yet support Python 3. Notice also that on OS X RIDE requires 32-bit Python version. https://github.com/robotframework/RIDE/wiki/Installation-Instructions  You should be able to use any java ide like eclipse

Hi Venkata, you can try restarting RIDE.

Thanks Deepak, will continue on this.

Hi Anoop, in the console the path of report and log file is also printed. Can you check if you are able to open the same from physical location.

Thanks Raghav, it's worked

Hi, Please how did you resolve the RIDE ( Report and Log)  grayed out issue

Great to know that Priyanka, I will post more soon.

sure Anand, more videos on Robot Framework coming soon.

You're welcome Kishore. I will continue this.

With SeleniumLibrary you can use Firefox 48 and above. You will need to get gecko driver. The same way we took chrome browser driver exe in the video.

Automation Step-by-Step - Raghav Pal I used gecko driver but my broker version is 47.1.0. let me upgrade it..

Will surely do that. Thanks for watching.

